{"/Users/jordaovictor/Documents/projects/youtubeApp/App.tsx": {"path":"/Users/jordaovictor/Documents/projects/youtubeApp/App.tsx","statementMap":{"0":{"start":{"line":8,"column":12},"end":{"line":17,"column":1}},"1":{"start":{"line":9,"column":2},"end":{"line":16,"column":27}},"2":{"start":{"line":19,"column":15},"end":{"line":23,"column":2}}},"fnMap":{"0":{"name":"(anonymous_0)","decl":{"start":{"line":8,"column":12},"end":{"line":8,"column":13}},"loc":{"start":{"line":9,"column":2},"end":{"line":16,"column":27}},"line":9}},"branchMap":{},"s":{"0":1,"1":1,"2":1},"f":{"0":1},"b":{},"_coverageSchema":"1a1c01bbd47fc00a2c39e90264f33305004495a9","hash":"8beb18ee3830c93cd9dad37750c3fcb9113010d0"}
,"/Users/jordaovictor/Documents/projects/youtubeApp/src/components/Button/index.tsx": {"path":"/Users/jordaovictor/Documents/projects/youtubeApp/src/components/Button/index.tsx","statementMap":{"0":{"start":{"line":20,"column":22},"end":{"line":42,"column":1}},"1":{"start":{"line":29,"column":17},"end":{"line":29,"column":50}},"2":{"start":{"line":31,"column":2},"end":{"line":41,"column":4}},"3":{"start":{"line":44,"column":0},"end":{"line":48,"column":2}}},"fnMap":{"0":{"name":"(anonymous_0)","decl":{"start":{"line":20,"column":22},"end":{"line":20,"column":23}},"loc":{"start":{"line":28,"column":18},"end":{"line":42,"column":1}},"line":28}},"branchMap":{},"s":{"0":2,"1":2,"2":2,"3":2},"f":{"0":2},"b":{},"_coverageSchema":"1a1c01bbd47fc00a2c39e90264f33305004495a9","hash":"8a834ba8dd7895ef65d295611d2fc26c41d45aa4"}
,"/Users/jordaovictor/Documents/projects/youtubeApp/src/components/Button/styles.ts": {"path":"/Users/jordaovictor/Documents/projects/youtubeApp/src/components/Button/styles.ts","statementMap":{"0":{"start":{"line":4,"column":28},"end":{"line":21,"column":1}},"1":{"start":{"line":5,"column":17},"end":{"line":19,"column":4}},"2":{"start":{"line":20,"column":2},"end":{"line":20,"column":16}}},"fnMap":{"0":{"name":"(anonymous_0)","decl":{"start":{"line":4,"column":28},"end":{"line":4,"column":29}},"loc":{"start":{"line":4,"column":46},"end":{"line":21,"column":1}},"line":4}},"branchMap":{},"s":{"0":2,"1":2,"2":2},"f":{"0":2},"b":{},"_coverageSchema":"1a1c01bbd47fc00a2c39e90264f33305004495a9","hash":"5c788b4cfbaa14a6afebbdcf139c6ef43aa7cde1"}
,"/Users/jordaovictor/Documents/projects/youtubeApp/src/components/Card/index.tsx": {"path":"/Users/jordaovictor/Documents/projects/youtubeApp/src/components/Card/index.tsx","statementMap":{"0":{"start":{"line":31,"column":22},"end":{"line":84,"column":1}},"1":{"start":{"line":46,"column":17},"end":{"line":46,"column":50}},"2":{"start":{"line":48,"column":2},"end":{"line":83,"column":4}},"3":{"start":{"line":86,"column":0},"end":{"line":93,"column":2}},"4":{"start":{"line":95,"column":20},"end":{"line":95,"column":39}}},"fnMap":{"0":{"name":"(anonymous_0)","decl":{"start":{"line":31,"column":22},"end":{"line":31,"column":23}},"loc":{"start":{"line":45,"column":17},"end":{"line":84,"column":1}},"line":45},"1":{"name":"(anonymous_1)","decl":{"start":{"line":92,"column":11},"end":{"line":92,"column":12}},"loc":{"start":{"line":92,"column":17},"end":{"line":92,"column":19}},"line":92}},"branchMap":{"0":{"loc":{"start":{"line":57,"column":16},"end":{"line":57,"column":41}},"type":"binary-expr","locations":[{"start":{"line":57,"column":16},"end":{"line":57,"column":25}},{"start":{"line":57,"column":29},"end":{"line":57,"column":41}}],"line":57},"1":{"loc":{"start":{"line":65,"column":25},"end":{"line":65,"column":53}},"type":"binary-expr","locations":[{"start":{"line":65,"column":25},"end":{"line":65,"column":37}},{"start":{"line":65,"column":41},"end":{"line":65,"column":53}}],"line":65}},"s":{"0":2,"1":1,"2":1,"3":2,"4":2},"f":{"0":1,"1":0},"b":{"0":[1,1],"1":[1,1]},"_coverageSchema":"1a1c01bbd47fc00a2c39e90264f33305004495a9","hash":"4a468164ba75d4bc655275b9df908eea9a85ac2d"}
,"/Users/jordaovictor/Documents/projects/youtubeApp/src/components/Card/styles.ts": {"path":"/Users/jordaovictor/Documents/projects/youtubeApp/src/components/Card/styles.ts","statementMap":{"0":{"start":{"line":4,"column":18},"end":{"line":4,"column":42}},"1":{"start":{"line":5,"column":28},"end":{"line":48,"column":1}},"2":{"start":{"line":6,"column":17},"end":{"line":46,"column":4}},"3":{"start":{"line":47,"column":2},"end":{"line":47,"column":16}}},"fnMap":{"0":{"name":"(anonymous_0)","decl":{"start":{"line":5,"column":28},"end":{"line":5,"column":29}},"loc":{"start":{"line":5,"column":46},"end":{"line":48,"column":1}},"line":5}},"branchMap":{},"s":{"0":2,"1":2,"2":1,"3":1},"f":{"0":1},"b":{},"_coverageSchema":"1a1c01bbd47fc00a2c39e90264f33305004495a9","hash":"6cf6f0c66121a9bd7c413a25ab223859681f0e5d"}
,"/Users/jordaovictor/Documents/projects/youtubeApp/src/components/Header/index.tsx": {"path":"/Users/jordaovictor/Documents/projects/youtubeApp/src/components/Header/index.tsx","statementMap":{"0":{"start":{"line":25,"column":22},"end":{"line":52,"column":1}},"1":{"start":{"line":33,"column":17},"end":{"line":33,"column":50}},"2":{"start":{"line":34,"column":21},"end":{"line":34,"column":36}},"3":{"start":{"line":36,"column":17},"end":{"line":36,"column":80}},"4":{"start":{"line":36,"column":23},"end":{"line":36,"column":80}},"5":{"start":{"line":36,"column":43},"end":{"line":36,"column":63}},"6":{"start":{"line":38,"column":2},"end":{"line":51,"column":4}},"7":{"start":{"line":54,"column":0},"end":{"line":58,"column":2}}},"fnMap":{"0":{"name":"(anonymous_0)","decl":{"start":{"line":25,"column":22},"end":{"line":25,"column":23}},"loc":{"start":{"line":32,"column":18},"end":{"line":52,"column":1}},"line":32},"1":{"name":"(anonymous_1)","decl":{"start":{"line":36,"column":17},"end":{"line":36,"column":18}},"loc":{"start":{"line":36,"column":23},"end":{"line":36,"column":80}},"line":36},"2":{"name":"(anonymous_2)","decl":{"start":{"line":36,"column":35},"end":{"line":36,"column":36}},"loc":{"start":{"line":36,"column":41},"end":{"line":36,"column":65}},"line":36}},"branchMap":{"0":{"loc":{"start":{"line":48,"column":69},"end":{"line":48,"column":96}},"type":"binary-expr","locations":[{"start":{"line":48,"column":69},"end":{"line":48,"column":80}},{"start":{"line":48,"column":84},"end":{"line":48,"column":96}}],"line":48}},"s":{"0":2,"1":1,"2":1,"3":1,"4":0,"5":0,"6":1,"7":2},"f":{"0":1,"1":0,"2":0},"b":{"0":[1,0]},"_coverageSchema":"1a1c01bbd47fc00a2c39e90264f33305004495a9","hash":"6fbc1adb4d3432dc0a4c9e3502d2ebc47eed4df3"}
,"/Users/jordaovictor/Documents/projects/youtubeApp/src/components/Header/styles.ts": {"path":"/Users/jordaovictor/Documents/projects/youtubeApp/src/components/Header/styles.ts","statementMap":{"0":{"start":{"line":4,"column":28},"end":{"line":27,"column":1}},"1":{"start":{"line":5,"column":17},"end":{"line":25,"column":4}},"2":{"start":{"line":26,"column":2},"end":{"line":26,"column":16}}},"fnMap":{"0":{"name":"(anonymous_0)","decl":{"start":{"line":4,"column":28},"end":{"line":4,"column":29}},"loc":{"start":{"line":4,"column":46},"end":{"line":27,"column":1}},"line":4}},"branchMap":{},"s":{"0":2,"1":1,"2":1},"f":{"0":1},"b":{},"_coverageSchema":"1a1c01bbd47fc00a2c39e90264f33305004495a9","hash":"81bcf049eba71a3e9c195cbbfeda406e47c2be27"}
,"/Users/jordaovictor/Documents/projects/youtubeApp/src/hooks/style/useTheme.tsx": {"path":"/Users/jordaovictor/Documents/projects/youtubeApp/src/hooks/style/useTheme.tsx","statementMap":{"0":{"start":{"line":20,"column":16},"end":{"line":25,"column":2}},"1":{"start":{"line":23,"column":4},"end":{"line":23,"column":50}},"2":{"start":{"line":31,"column":29},"end":{"line":59,"column":2}},"3":{"start":{"line":32,"column":28},"end":{"line":32,"column":58}},"4":{"start":{"line":34,"column":30},"end":{"line":44,"column":8}},"5":{"start":{"line":35,"column":4},"end":{"line":43,"column":7}},"6":{"start":{"line":36,"column":6},"end":{"line":38,"column":7}},"7":{"start":{"line":37,"column":8},"end":{"line":37,"column":34}},"8":{"start":{"line":39,"column":6},"end":{"line":41,"column":7}},"9":{"start":{"line":40,"column":8},"end":{"line":40,"column":35}},"10":{"start":{"line":42,"column":6},"end":{"line":42,"column":26}},"11":{"start":{"line":46,"column":24},"end":{"line":52,"column":34}},"12":{"start":{"line":47,"column":33},"end":{"line":50,"column":5}},"13":{"start":{"line":51,"column":4},"end":{"line":51,"column":17}},"14":{"start":{"line":54,"column":2},"end":{"line":58,"column":4}},"15":{"start":{"line":61,"column":24},"end":{"line":61,"column":55}},"16":{"start":{"line":61,"column":30},"end":{"line":61,"column":55}}},"fnMap":{"0":{"name":"(anonymous_0)","decl":{"start":{"line":22,"column":15},"end":{"line":22,"column":16}},"loc":{"start":{"line":22,"column":21},"end":{"line":24,"column":3}},"line":22},"1":{"name":"(anonymous_1)","decl":{"start":{"line":31,"column":46},"end":{"line":31,"column":47}},"loc":{"start":{"line":31,"column":69},"end":{"line":59,"column":1}},"line":31},"2":{"name":"(anonymous_2)","decl":{"start":{"line":34,"column":42},"end":{"line":34,"column":43}},"loc":{"start":{"line":34,"column":48},"end":{"line":44,"column":3}},"line":34},"3":{"name":"(anonymous_3)","decl":{"start":{"line":35,"column":13},"end":{"line":35,"column":14}},"loc":{"start":{"line":35,"column":31},"end":{"line":43,"column":5}},"line":35},"4":{"name":"(anonymous_4)","decl":{"start":{"line":46,"column":32},"end":{"line":46,"column":33}},"loc":{"start":{"line":46,"column":38},"end":{"line":52,"column":3}},"line":46},"5":{"name":"(anonymous_5)","decl":{"start":{"line":61,"column":24},"end":{"line":61,"column":25}},"loc":{"start":{"line":61,"column":30},"end":{"line":61,"column":55}},"line":61}},"branchMap":{"0":{"loc":{"start":{"line":36,"column":6},"end":{"line":38,"column":7}},"type":"if","locations":[{"start":{"line":36,"column":6},"end":{"line":38,"column":7}},{"start":{},"end":{}}],"line":36},"1":{"loc":{"start":{"line":39,"column":6},"end":{"line":41,"column":7}},"type":"if","locations":[{"start":{"line":39,"column":6},"end":{"line":41,"column":7}},{"start":{},"end":{}}],"line":39}},"s":{"0":4,"1":0,"2":4,"3":1,"4":1,"5":0,"6":0,"7":0,"8":0,"9":0,"10":0,"11":1,"12":1,"13":1,"14":1,"15":4,"16":5},"f":{"0":0,"1":1,"2":0,"3":0,"4":1,"5":5},"b":{"0":[0,0],"1":[0,0]},"_coverageSchema":"1a1c01bbd47fc00a2c39e90264f33305004495a9","hash":"88a3052fea4aee844ce767a5e92c3b3505861b60"}
,"/Users/jordaovictor/Documents/projects/youtubeApp/src/hooks/style/useThemeAwareObject.tsx": {"path":"/Users/jordaovictor/Documents/projects/youtubeApp/src/hooks/style/useThemeAwareObject.tsx","statementMap":{"0":{"start":{"line":7,"column":28},"end":{"line":15,"column":1}},"1":{"start":{"line":8,"column":20},"end":{"line":8,"column":30}},"2":{"start":{"line":10,"column":27},"end":{"line":13,"column":3}},"3":{"start":{"line":11,"column":10},"end":{"line":11,"column":19}},"4":{"start":{"line":14,"column":2},"end":{"line":14,"column":26}}},"fnMap":{"0":{"name":"(anonymous_0)","decl":{"start":{"line":7,"column":28},"end":{"line":7,"column":29}},"loc":{"start":{"line":7,"column":64},"end":{"line":15,"column":1}},"line":7},"1":{"name":"(anonymous_1)","decl":{"start":{"line":11,"column":4},"end":{"line":11,"column":5}},"loc":{"start":{"line":11,"column":10},"end":{"line":11,"column":19}},"line":11}},"branchMap":{},"s":{"0":4,"1":5,"2":5,"3":5,"4":5},"f":{"0":5,"1":5},"b":{},"_coverageSchema":"1a1c01bbd47fc00a2c39e90264f33305004495a9","hash":"d5a5ccb204929a6d23357f85705da8acbac93787"}
,"/Users/jordaovictor/Documents/projects/youtubeApp/src/routes/index.routes.tsx": {"path":"/Users/jordaovictor/Documents/projects/youtubeApp/src/routes/index.routes.tsx","statementMap":{"0":{"start":{"line":11,"column":30},"end":{"line":11,"column":82}},"1":{"start":{"line":13,"column":15},"end":{"line":20,"column":1}},"2":{"start":{"line":14,"column":2},"end":{"line":19,"column":24}}},"fnMap":{"0":{"name":"(anonymous_0)","decl":{"start":{"line":13,"column":15},"end":{"line":13,"column":16}},"loc":{"start":{"line":14,"column":2},"end":{"line":19,"column":24}},"line":14}},"branchMap":{},"s":{"0":1,"1":1,"2":1},"f":{"0":1},"b":{},"_coverageSchema":"1a1c01bbd47fc00a2c39e90264f33305004495a9","hash":"1643d8355412c08f2dad97ae0aed3e9ae3e8d1ab"}
,"/Users/jordaovictor/Documents/projects/youtubeApp/src/screens/Home/index.tsx": {"path":"/Users/jordaovictor/Documents/projects/youtubeApp/src/screens/Home/index.tsx","statementMap":{"0":{"start":{"line":13,"column":13},"end":{"line":54,"column":1}},"1":{"start":{"line":56,"column":26},"end":{"line":83,"column":1}},"2":{"start":{"line":57,"column":17},"end":{"line":57,"column":50}},"3":{"start":{"line":59,"column":2},"end":{"line":82,"column":4}},"4":{"start":{"line":68,"column":12},"end":{"line":76,"column":14}}},"fnMap":{"0":{"name":"(anonymous_0)","decl":{"start":{"line":56,"column":26},"end":{"line":56,"column":27}},"loc":{"start":{"line":56,"column":32},"end":{"line":83,"column":1}},"line":56},"1":{"name":"(anonymous_1)","decl":{"start":{"line":67,"column":22},"end":{"line":67,"column":23}},"loc":{"start":{"line":68,"column":12},"end":{"line":76,"column":14}},"line":68},"2":{"name":"(anonymous_2)","decl":{"start":{"line":69,"column":23},"end":{"line":69,"column":24}},"loc":{"start":{"line":69,"column":29},"end":{"line":69,"column":32}},"line":69}},"branchMap":{},"s":{"0":1,"1":1,"2":0,"3":0,"4":0},"f":{"0":0,"1":0,"2":0},"b":{},"_coverageSchema":"1a1c01bbd47fc00a2c39e90264f33305004495a9","hash":"f52ce931c0f59a688334d1322eb6aaab4aab1b70"}
,"/Users/jordaovictor/Documents/projects/youtubeApp/src/screens/Home/styles.ts": {"path":"/Users/jordaovictor/Documents/projects/youtubeApp/src/screens/Home/styles.ts","statementMap":{"0":{"start":{"line":4,"column":28},"end":{"line":19,"column":1}},"1":{"start":{"line":5,"column":17},"end":{"line":17,"column":4}},"2":{"start":{"line":18,"column":2},"end":{"line":18,"column":16}}},"fnMap":{"0":{"name":"(anonymous_0)","decl":{"start":{"line":4,"column":28},"end":{"line":4,"column":29}},"loc":{"start":{"line":4,"column":46},"end":{"line":19,"column":1}},"line":4}},"branchMap":{},"s":{"0":1,"1":0,"2":0},"f":{"0":0},"b":{},"_coverageSchema":"1a1c01bbd47fc00a2c39e90264f33305004495a9","hash":"af1b1de4a5b88179f7d331044922e2931f999bea"}
,"/Users/jordaovictor/Documents/projects/youtubeApp/src/screens/Login/index.tsx": {"path":"/Users/jordaovictor/Documents/projects/youtubeApp/src/screens/Login/index.tsx","statementMap":{"0":{"start":{"line":22,"column":27},"end":{"line":40,"column":1}},"1":{"start":{"line":23,"column":21},"end":{"line":23,"column":56}},"2":{"start":{"line":24,"column":17},"end":{"line":24,"column":50}},"3":{"start":{"line":26,"column":2},"end":{"line":39,"column":4}},"4":{"start":{"line":35,"column":27},"end":{"line":35,"column":55}}},"fnMap":{"0":{"name":"(anonymous_0)","decl":{"start":{"line":22,"column":27},"end":{"line":22,"column":28}},"loc":{"start":{"line":22,"column":33},"end":{"line":40,"column":1}},"line":22},"1":{"name":"(anonymous_1)","decl":{"start":{"line":35,"column":19},"end":{"line":35,"column":20}},"loc":{"start":{"line":35,"column":25},"end":{"line":35,"column":57}},"line":35}},"branchMap":{},"s":{"0":1,"1":1,"2":1,"3":1,"4":0},"f":{"0":1,"1":0},"b":{},"_coverageSchema":"1a1c01bbd47fc00a2c39e90264f33305004495a9","hash":"ed3ecd85412e6f40d9582aeb8eb72b2ef832c216"}
,"/Users/jordaovictor/Documents/projects/youtubeApp/src/screens/Login/styles.ts": {"path":"/Users/jordaovictor/Documents/projects/youtubeApp/src/screens/Login/styles.ts","statementMap":{"0":{"start":{"line":4,"column":28},"end":{"line":23,"column":1}},"1":{"start":{"line":5,"column":17},"end":{"line":21,"column":4}},"2":{"start":{"line":22,"column":2},"end":{"line":22,"column":16}}},"fnMap":{"0":{"name":"(anonymous_0)","decl":{"start":{"line":4,"column":28},"end":{"line":4,"column":29}},"loc":{"start":{"line":4,"column":46},"end":{"line":23,"column":1}},"line":4}},"branchMap":{},"s":{"0":1,"1":1,"2":1},"f":{"0":1},"b":{},"_coverageSchema":"1a1c01bbd47fc00a2c39e90264f33305004495a9","hash":"a46eb5879ac208a94f540e445b2591e06016926e"}
,"/Users/jordaovictor/Documents/projects/youtubeApp/src/theme/darkMode.ts": {"path":"/Users/jordaovictor/Documents/projects/youtubeApp/src/theme/darkMode.ts","statementMap":{"0":{"start":{"line":4,"column":45},"end":{"line":10,"column":1}},"1":{"start":{"line":11,"column":49},"end":{"line":14,"column":1}},"2":{"start":{"line":15,"column":37},"end":{"line":15,"column":51}},"3":{"start":{"line":16,"column":41},"end":{"line":20,"column":1}}},"fnMap":{},"branchMap":{},"s":{"0":4,"1":4,"2":4,"3":4},"f":{},"b":{},"_coverageSchema":"1a1c01bbd47fc00a2c39e90264f33305004495a9","hash":"6a65ac324b97c18dd0f2a5e049f73a550945c279"}
,"/Users/jordaovictor/Documents/projects/youtubeApp/src/theme/lightMode.ts": {"path":"/Users/jordaovictor/Documents/projects/youtubeApp/src/theme/lightMode.ts","statementMap":{"0":{"start":{"line":3,"column":46},"end":{"line":9,"column":1}},"1":{"start":{"line":11,"column":50},"end":{"line":14,"column":1}},"2":{"start":{"line":15,"column":38},"end":{"line":15,"column":53}},"3":{"start":{"line":17,"column":42},"end":{"line":21,"column":1}}},"fnMap":{},"branchMap":{},"s":{"0":4,"1":4,"2":4,"3":4},"f":{},"b":{},"_coverageSchema":"1a1c01bbd47fc00a2c39e90264f33305004495a9","hash":"a178ca35d9b1282a01e38507efd1bee1c921f32f"}
}
